library/build/outputs/logs/manifest-merger-debug-report.txt
-- Merging decision tree log ---
manifest
ADDED from ThriveMobileApp\library\AndroidManifest.xml:1:1-3:12
INJECTED from ThriveMobileApp\library\AndroidManifest.xml:1:1-3:12
INJECTED from ThriveMobileApp\library\AndroidManifest.xml:1:1-3:12
	package
		ADDED from ThriveMobileApp\library\AndroidManifest.xml:1:11-46
		INJECTED from ThriveMobileApp\library\AndroidManifest.xml
		INJECTED from ThriveMobileApp\library\AndroidManifest.xml